0 info it worked if it ends with ok
1 verbose cli [ 'C:\\Program Files\\nodejs\\\\node.exe',
1 verbose cli   'C:\\Program Files\\nodejs\\node_modules\\npm\\bin\\npm-cli.js',
1 verbose cli   'install' ]
2 info using npm@1.4.28
3 info using node@v0.10.32
4 verbose node symlink C:\Program Files\nodejs\\node.exe
5 verbose readDependencies using package.json deps
6 verbose install where, deps [ 'C:\\work\\tatool_2.0\\tatool-web',
6 verbose install   [ 'bcrypt-nodejs',
6 verbose install     'body-parser',
6 verbose install     'bower',
6 verbose install     'express',
6 verbose install     'express-jwt',
6 verbose install     'idb-wrapper',
6 verbose install     'jsonwebtoken',
6 verbose install     'mongoose',
6 verbose install     'morgan',
6 verbose install     'passport-http',
6 verbose install     'screenfull',
6 verbose install     'grunt',
6 verbose install     'grunt-autoprefixer',
6 verbose install     'grunt-bower-install',
6 verbose install     'grunt-concurrent',
6 verbose install     'grunt-contrib-clean',
6 verbose install     'grunt-contrib-coffee',
6 verbose install     'grunt-contrib-compass',
6 verbose install     'grunt-contrib-concat',
6 verbose install     'grunt-contrib-connect',
6 verbose install     'grunt-contrib-copy',
6 verbose install     'grunt-contrib-cssmin',
6 verbose install     'grunt-contrib-htmlmin',
6 verbose install     'grunt-contrib-imagemin',
6 verbose install     'grunt-contrib-jshint',
6 verbose install     'grunt-contrib-uglify',
6 verbose install     'grunt-contrib-watch',
6 verbose install     'grunt-google-cdn',
6 verbose install     'grunt-karma',
6 verbose install     'grunt-newer',
6 verbose install     'grunt-ng-annotate',
6 verbose install     'grunt-ngmin',
6 verbose install     'grunt-rev',
6 verbose install     'grunt-svgmin',
6 verbose install     'grunt-usemin',
6 verbose install     'grunt-wiredep',
6 verbose install     'gulp',
6 verbose install     'gulp-clean',
6 verbose install     'gulp-concat',
6 verbose install     'gulp-jshint',
6 verbose install     'gulp-minify-css',
6 verbose install     'gulp-notify',
6 verbose install     'gulp-rename',
6 verbose install     'gulp-uglify',
6 verbose install     'gulp-util',
6 verbose install     'jshint-stylish',
6 verbose install     'karma',
6 verbose install     'karma-chrome-launcher',
6 verbose install     'karma-jasmine',
6 verbose install     'karma-ng-html2js-preprocessor',
6 verbose install     'karma-ng-scenario',
6 verbose install     'load-grunt-tasks',
6 verbose install     'time-grunt' ] ]
7 info preinstall tatool-web@0.1.0
8 warn package.json karma-chrome-launcher@0.1.5 No README data
9 verbose readDependencies using package.json deps
10 verbose already installed skipping bcrypt-nodejs@0.0.3 C:\work\tatool_2.0\tatool-web
11 verbose already installed skipping body-parser@^1.9.0 C:\work\tatool_2.0\tatool-web
12 verbose already installed skipping bower@1.3.12 C:\work\tatool_2.0\tatool-web
13 verbose already installed skipping express@^4.9.5 C:\work\tatool_2.0\tatool-web
14 verbose already installed skipping express-jwt@^0.4.0 C:\work\tatool_2.0\tatool-web
15 verbose already installed skipping idb-wrapper@^1.4.1 C:\work\tatool_2.0\tatool-web
16 verbose already installed skipping jsonwebtoken@^1.1.2 C:\work\tatool_2.0\tatool-web
17 verbose already installed skipping mongoose@^3.8.17 C:\work\tatool_2.0\tatool-web
18 verbose already installed skipping morgan@^1.3.2 C:\work\tatool_2.0\tatool-web
19 verbose already installed skipping passport-http@^0.2.2 C:\work\tatool_2.0\tatool-web
20 verbose already installed skipping screenfull@^1.2.1 C:\work\tatool_2.0\tatool-web
21 verbose already installed skipping grunt@~0.4.1 C:\work\tatool_2.0\tatool-web
22 verbose already installed skipping grunt-autoprefixer@~0.4.0 C:\work\tatool_2.0\tatool-web
23 verbose already installed skipping grunt-bower-install@~0.7.0 C:\work\tatool_2.0\tatool-web
24 verbose already installed skipping grunt-concurrent@~0.4.1 C:\work\tatool_2.0\tatool-web
25 verbose already installed skipping grunt-contrib-clean@~0.5.0 C:\work\tatool_2.0\tatool-web
26 verbose already installed skipping grunt-contrib-coffee@~0.7.0 C:\work\tatool_2.0\tatool-web
27 verbose already installed skipping grunt-contrib-compass@~0.6.0 C:\work\tatool_2.0\tatool-web
28 verbose already installed skipping grunt-contrib-concat@~0.3.0 C:\work\tatool_2.0\tatool-web
29 verbose already installed skipping grunt-contrib-connect@~0.5.0 C:\work\tatool_2.0\tatool-web
30 verbose already installed skipping grunt-contrib-copy@~0.4.1 C:\work\tatool_2.0\tatool-web
31 verbose already installed skipping grunt-contrib-cssmin@~0.7.0 C:\work\tatool_2.0\tatool-web
32 verbose already installed skipping grunt-contrib-htmlmin@~0.1.3 C:\work\tatool_2.0\tatool-web
33 verbose already installed skipping grunt-contrib-imagemin@~0.3.0 C:\work\tatool_2.0\tatool-web
34 verbose already installed skipping grunt-contrib-jshint@~0.7.1 C:\work\tatool_2.0\tatool-web
35 verbose already installed skipping grunt-contrib-uglify@~0.2.0 C:\work\tatool_2.0\tatool-web
36 verbose already installed skipping grunt-contrib-watch@~0.5.2 C:\work\tatool_2.0\tatool-web
37 verbose already installed skipping grunt-google-cdn@~0.2.0 C:\work\tatool_2.0\tatool-web
38 verbose already installed skipping grunt-karma@^0.9.0 C:\work\tatool_2.0\tatool-web
39 verbose already installed skipping grunt-newer@~0.5.4 C:\work\tatool_2.0\tatool-web
40 verbose already installed skipping grunt-ng-annotate@^0.4.0 C:\work\tatool_2.0\tatool-web
41 verbose already installed skipping grunt-ngmin@~0.0.2 C:\work\tatool_2.0\tatool-web
42 verbose already installed skipping grunt-rev@~0.1.0 C:\work\tatool_2.0\tatool-web
43 verbose already installed skipping grunt-svgmin@~0.2.0 C:\work\tatool_2.0\tatool-web
44 verbose already installed skipping grunt-usemin@~2.0.0 C:\work\tatool_2.0\tatool-web
45 verbose already installed skipping grunt-wiredep@^1.9.0 C:\work\tatool_2.0\tatool-web
46 verbose already installed skipping gulp@^3.8.8 C:\work\tatool_2.0\tatool-web
47 verbose already installed skipping gulp-clean@^0.3.1 C:\work\tatool_2.0\tatool-web
48 verbose already installed skipping gulp-concat@^2.4.1 C:\work\tatool_2.0\tatool-web
49 verbose already installed skipping gulp-jshint@^1.8.5 C:\work\tatool_2.0\tatool-web
50 verbose already installed skipping gulp-minify-css@^0.3.10 C:\work\tatool_2.0\tatool-web
51 verbose already installed skipping gulp-notify@^1.8.0 C:\work\tatool_2.0\tatool-web
52 verbose already installed skipping gulp-rename@^1.2.0 C:\work\tatool_2.0\tatool-web
53 verbose already installed skipping gulp-uglify@^1.0.1 C:\work\tatool_2.0\tatool-web
54 verbose already installed skipping gulp-util@^3.0.1 C:\work\tatool_2.0\tatool-web
55 verbose already installed skipping jshint-stylish@~0.1.3 C:\work\tatool_2.0\tatool-web
56 verbose already installed skipping karma@^0.12.23 C:\work\tatool_2.0\tatool-web
57 verbose already installed skipping karma-chrome-launcher@^0.1.5 C:\work\tatool_2.0\tatool-web
58 verbose already installed skipping karma-jasmine@^0.1.5 C:\work\tatool_2.0\tatool-web
59 verbose already installed skipping karma-ng-html2js-preprocessor@^0.1.0 C:\work\tatool_2.0\tatool-web
60 verbose already installed skipping karma-ng-scenario@^0.1.0 C:\work\tatool_2.0\tatool-web
61 verbose already installed skipping load-grunt-tasks@~0.2.0 C:\work\tatool_2.0\tatool-web
62 verbose already installed skipping time-grunt@~0.2.1 C:\work\tatool_2.0\tatool-web
63 silly resolved []
64 info build C:\work\tatool_2.0\tatool-web
65 verbose linkStuff [ false, false, false, 'C:\\work\\tatool_2.0' ]
66 info linkStuff tatool-web@0.1.0
67 verbose linkBins tatool-web@0.1.0
68 verbose linkMans tatool-web@0.1.0
69 verbose rebuildBundles tatool-web@0.1.0
70 verbose rebuildBundles [ '.bin',
70 verbose rebuildBundles   'bcrypt-nodejs',
70 verbose rebuildBundles   'body-parser',
70 verbose rebuildBundles   'bower',
70 verbose rebuildBundles   'cookie-parser',
70 verbose rebuildBundles   'express',
70 verbose rebuildBundles   'express-jwt',
70 verbose rebuildBundles   'generator-node-webkit',
70 verbose rebuildBundles   'grunt',
70 verbose rebuildBundles   'grunt-autoprefixer',
70 verbose rebuildBundles   'grunt-bower-install',
70 verbose rebuildBundles   'grunt-cli',
70 verbose rebuildBundles   'grunt-concurrent',
70 verbose rebuildBundles   'grunt-contrib-clean',
70 verbose rebuildBundles   'grunt-contrib-coffee',
70 verbose rebuildBundles   'grunt-contrib-compass',
70 verbose rebuildBundles   'grunt-contrib-concat',
70 verbose rebuildBundles   'grunt-contrib-connect',
70 verbose rebuildBundles   'grunt-contrib-copy',
70 verbose rebuildBundles   'grunt-contrib-cssmin',
70 verbose rebuildBundles   'grunt-contrib-htmlmin',
70 verbose rebuildBundles   'grunt-contrib-imagemin',
70 verbose rebuildBundles   'grunt-contrib-jshint',
70 verbose rebuildBundles   'grunt-contrib-uglify',
70 verbose rebuildBundles   'grunt-contrib-watch',
70 verbose rebuildBundles   'grunt-google-cdn',
70 verbose rebuildBundles   'grunt-karma',
70 verbose rebuildBundles   'grunt-newer',
70 verbose rebuildBundles   'grunt-ng-annotate',
70 verbose rebuildBundles   'grunt-ngmin',
70 verbose rebuildBundles   'grunt-rev',
70 verbose rebuildBundles   'grunt-svgmin',
70 verbose rebuildBundles   'grunt-usemin',
70 verbose rebuildBundles   'grunt-wiredep',
70 verbose rebuildBundles   'gulp',
70 verbose rebuildBundles   'gulp-clean',
70 verbose rebuildBundles   'gulp-concat',
70 verbose rebuildBundles   'gulp-jshint',
70 verbose rebuildBundles   'gulp-minify-css',
70 verbose rebuildBundles   'gulp-notify',
70 verbose rebuildBundles   'gulp-rename',
70 verbose rebuildBundles   'gulp-uglify',
70 verbose rebuildBundles   'gulp-util',
70 verbose rebuildBundles   'idb-wrapper',
70 verbose rebuildBundles   'jshint-stylish',
70 verbose rebuildBundles   'jsonwebtoken',
70 verbose rebuildBundles   'karma',
70 verbose rebuildBundles   'karma-chrome-launcher',
70 verbose rebuildBundles   'karma-jasmine',
70 verbose rebuildBundles   'karma-ng-html2js-preprocessor',
70 verbose rebuildBundles   'karma-ng-scenario',
70 verbose rebuildBundles   'load-grunt-tasks',
70 verbose rebuildBundles   'mongoose',
70 verbose rebuildBundles   'morgan',
70 verbose rebuildBundles   'passport',
70 verbose rebuildBundles   'passport-http',
70 verbose rebuildBundles   'screenfull',
70 verbose rebuildBundles   'time-grunt',
70 verbose rebuildBundles   'yo' ]
71 verbose rebuild bundle C:\work\tatool_2.0\tatool-web\node_modules\cookie-parser
72 info build C:\work\tatool_2.0\tatool-web\node_modules\cookie-parser
73 info preinstall cookie-parser@1.3.3
74 verbose linkStuff [ false,
74 verbose linkStuff   false,
74 verbose linkStuff   false,
74 verbose linkStuff   'C:\\work\\tatool_2.0\\tatool-web\\node_modules' ]
75 info linkStuff cookie-parser@1.3.3
76 verbose linkBins cookie-parser@1.3.3
77 verbose linkMans cookie-parser@1.3.3
78 verbose rebuildBundles cookie-parser@1.3.3
79 verbose rebuildBundles [ 'cookie', 'cookie-signature' ]
80 info install cookie-parser@1.3.3
81 info postinstall cookie-parser@1.3.3
82 verbose rebuild bundle C:\work\tatool_2.0\tatool-web\node_modules\generator-node-webkit
83 info build C:\work\tatool_2.0\tatool-web\node_modules\generator-node-webkit
84 info preinstall generator-node-webkit@0.9.2
85 verbose linkStuff [ false,
85 verbose linkStuff   false,
85 verbose linkStuff   false,
85 verbose linkStuff   'C:\\work\\tatool_2.0\\tatool-web\\node_modules' ]
86 info linkStuff generator-node-webkit@0.9.2
87 verbose linkBins generator-node-webkit@0.9.2
88 verbose linkMans generator-node-webkit@0.9.2
89 verbose rebuildBundles generator-node-webkit@0.9.2
90 verbose rebuildBundles [ '.bin',
90 verbose rebuildBundles   'decompress-zip',
90 verbose rebuildBundles   'fs-extra',
90 verbose rebuildBundles   'github',
90 verbose rebuildBundles   'mocha',
90 verbose rebuildBundles   'request',
90 verbose rebuildBundles   'tar-fs',
90 verbose rebuildBundles   'when',
90 verbose rebuildBundles   'yeoman-generator' ]
91 info install generator-node-webkit@0.9.2
92 info postinstall generator-node-webkit@0.9.2
93 verbose rebuild bundle C:\work\tatool_2.0\tatool-web\node_modules\grunt-cli
94 info build C:\work\tatool_2.0\tatool-web\node_modules\grunt-cli
95 info preinstall grunt-cli@0.1.13
96 verbose linkStuff [ false,
96 verbose linkStuff   false,
96 verbose linkStuff   false,
96 verbose linkStuff   'C:\\work\\tatool_2.0\\tatool-web\\node_modules' ]
97 info linkStuff grunt-cli@0.1.13
98 warn prefer global grunt-cli@0.1.13 should be installed with -g
99 verbose linkBins grunt-cli@0.1.13
100 verbose link bins [ { grunt: 'bin/grunt' },
100 verbose link bins   'C:\\work\\tatool_2.0\\tatool-web\\node_modules\\.bin',
100 verbose link bins   false ]
101 verbose linkMans grunt-cli@0.1.13
102 verbose rebuildBundles grunt-cli@0.1.13
103 verbose rebuildBundles [ '.bin', 'findup-sync', 'nopt', 'resolve' ]
104 info install grunt-cli@0.1.13
105 info postinstall grunt-cli@0.1.13
106 verbose rebuild bundle C:\work\tatool_2.0\tatool-web\node_modules\passport
107 info build C:\work\tatool_2.0\tatool-web\node_modules\passport
108 info preinstall passport@0.2.1
109 verbose linkStuff [ false,
109 verbose linkStuff   false,
109 verbose linkStuff   false,
109 verbose linkStuff   'C:\\work\\tatool_2.0\\tatool-web\\node_modules' ]
110 info linkStuff passport@0.2.1
111 verbose linkBins passport@0.2.1
112 verbose linkMans passport@0.2.1
113 verbose rebuildBundles passport@0.2.1
114 verbose rebuildBundles [ 'passport-strategy', 'pause' ]
115 info install passport@0.2.1
116 info postinstall passport@0.2.1
117 verbose rebuild bundle C:\work\tatool_2.0\tatool-web\node_modules\yo
118 info build C:\work\tatool_2.0\tatool-web\node_modules\yo
119 info preinstall yo@1.2.1
120 verbose linkStuff [ false,
120 verbose linkStuff   false,
120 verbose linkStuff   false,
120 verbose linkStuff   'C:\\work\\tatool_2.0\\tatool-web\\node_modules' ]
121 info linkStuff yo@1.2.1
122 warn prefer global yo@1.2.1 should be installed with -g
123 verbose linkBins yo@1.2.1
124 verbose link bins [ { yo: 'cli.js' },
124 verbose link bins   'C:\\work\\tatool_2.0\\tatool-web\\node_modules\\.bin',
124 verbose link bins   false ]
125 verbose linkMans yo@1.2.1
126 verbose rebuildBundles yo@1.2.1
127 verbose rebuildBundles [ '.bin',
127 verbose rebuildBundles   'async',
127 verbose rebuildBundles   'chalk',
127 verbose rebuildBundles   'findup',
127 verbose rebuildBundles   'fullname',
127 verbose rebuildBundles   'insight',
127 verbose rebuildBundles   'is-root',
127 verbose rebuildBundles   'lodash',
127 verbose rebuildBundles   'multiline',
127 verbose rebuildBundles   'nopt',
127 verbose rebuildBundles   'opn',
127 verbose rebuildBundles   'shelljs',
127 verbose rebuildBundles   'string-length',
127 verbose rebuildBundles   'sudo-block',
127 verbose rebuildBundles   'update-notifier',
127 verbose rebuildBundles   'yeoman-generator',
127 verbose rebuildBundles   'yosay' ]
128 info install yo@1.2.1
129 info postinstall yo@1.2.1
130 verbose unsafe-perm in lifecycle true
131 info install tatool-web@0.1.0
132 info postinstall tatool-web@0.1.0
133 verbose unsafe-perm in lifecycle true
134 info tatool-web@0.1.0 Failed to exec postinstall script
135 error tatool-web@0.1.0 postinstall: `node_modules/bower/bin/bower install`
135 error Exit status 1
136 error Failed at the tatool-web@0.1.0 postinstall script.
136 error This is most likely a problem with the tatool-web package,
136 error not with npm itself.
136 error Tell the author that this fails on your system:
136 error     node_modules/bower/bin/bower install
136 error You can get their info via:
136 error     npm owner ls tatool-web
136 error There is likely additional logging output above.
137 error System Windows_NT 6.1.7601
138 error command "C:\\Program Files\\nodejs\\\\node.exe" "C:\\Program Files\\nodejs\\node_modules\\npm\\bin\\npm-cli.js" "install"
139 error cwd C:\work\tatool_2.0\tatool-web
140 error node -v v0.10.32
141 error npm -v 1.4.28
142 error code ELIFECYCLE
143 verbose exit [ 1, true ]
